Copyright 1986-2015 Xilinx, Inc. All Rights Reserved.
-----------------------------------------------------------------------------------------
| Tool Version      : Vivado v.2015.2 (win64) Build 1266856 Fri Jun 26 16:35:25 MDT 2015
| Date              : Wed Oct 14 21:21:09 2015
| Host              : IanMcElhenny-PC running 64-bit major release  (build 9200)
| Command           : report_clock_utilization -file Top_clock_utilization_routed.rpt
| Design            : Top
| Device            : 7a100t-csg324
| Speed File        : -1  PRODUCTION 1.14 2014-09-11
| Temperature Grade : C
-----------------------------------------------------------------------------------------

Clock Utilization Report

Table of Contents
-----------------
1. Clock Primitive Utilization
2. Details of Global Clocks
3. Details of Regional Clocks
4. Details of Multi-Regional Clocks
5. Details of I/O Clocks
6. Details of Local Clocks
7. Clock Regions : Key Resource Utilization
8. Net wise resources used in clock region X0Y1

1. Clock Primitive Utilization
------------------------------

+-------+------+-----------+-----------+
| Type  | Used | Available | Num Fixed |
+-------+------+-----------+-----------+
| BUFG  |    1 |        32 |         0 |
| BUFH  |    0 |        96 |         0 |
| BUFIO |    0 |        24 |         0 |
| MMCM  |    0 |         6 |         0 |
| PLL   |    0 |         6 |         0 |
| BUFR  |    0 |        24 |         0 |
| BUFMR |    0 |        12 |         0 |
+-------+------+-----------+-----------+


2. Details of Global Clocks
---------------------------

+-------+-----------------------+------------------+--------------+-------+
|       |                       |                  |   Num Loads  |       |
+-------+-----------------------+------------------+------+-------+-------+
| Index | BUFG Cell             | Net Name         | BELs | Sites | Fixed |
+-------+-----------------------+------------------+------+-------+-------+
|     1 | CLK_IN_IBUF_BUFG_inst | CLK_IN_IBUF_BUFG |   35 |     9 |    no |
+-------+-----------------------+------------------+------+-------+-------+


3. Details of Regional Clocks
-----------------------------

4. Details of Multi-Regional Clocks
-----------------------------------

5. Details of I/O Clocks
------------------------

6. Details of Local Clocks
--------------------------

+-------+--------------------------------------+-------------------------------------+--------------+-------+
|       |                                      |                                     |   Num Loads  |       |
+-------+--------------------------------------+-------------------------------------+------+-------+-------+
| Index | Local Clk Src                        | Net Name                            | BELs | Sites | Fixed |
+-------+--------------------------------------+-------------------------------------+------+-------+-------+
|     1 | INSTR_reg[3]_i_1                     | INSTR_reg[3]_i_1_n_0                |    4 |     1 |    no |
|     2 | divider_map/register_counter_reg[14] | divider_map/CLK_AN                  |    4 |     2 |    no |
|     3 | mem_addr_reg[3]_i_2                  | mem_addr_reg[3]_i_2_n_0             |    4 |     1 |    no |
|     4 | divider_map/register_counter_reg[6]  | divider_map/CLK                     |    5 |     3 |    no |
|     5 | divider_map/register_counter_reg[26] | divider_map/mem_addr_counter_reg[3] |    5 |     2 |    no |
|     6 | mem_address_mux_reg_i_2              | mem_address_mux_reg_i_2_n_0         |    5 |     3 |    no |
|     7 | OP_A_reg[3]_i_1                      | OP_A_reg[3]_i_1_n_0                 |    8 |     4 |    no |
|     8 | REG_A_reg[7]_i_1                     | REG_A_reg[7]_i_1_n_0                |    8 |     3 |    no |
|     9 | REG_B_reg[7]_i_1                     | REG_B_reg[7]_i_1_n_0                |    8 |     3 |    no |
|    10 | data_to_ram_reg[7]_i_2               | data_to_ram_reg[7]_i_2_n_0          |    8 |     3 |    no |
|    11 | EE_reg                               | EE                                  |   12 |     6 |    no |
+-------+--------------------------------------+-------------------------------------+------+-------+-------+


7. Clock Regions : Key Resource Utilization
-------------------------------------------

+-------------------+--------------+--------------+--------------+--------------+--------------+--------------+--------------+--------------+--------------+--------------+--------------+--------------+--------------+--------------+--------------+
|                   | Global Clock |     BUFRs    |    BUFMRs    |    BUFIOs    |     MMCM     |      PLL     |      GT      |      PCI     |    ILOGIC    |    OLOGIC    |      FF      |     LUTM     |    RAMB18    |    RAMB36    |    DSP48E1   |
+-------------------+------+-------+------+-------+------+-------+------+-------+------+-------+------+-------+------+-------+------+-------+------+-------+------+-------+------+-------+------+-------+------+-------+------+-------+------+-------+
| Clock Region Name | Used | Avail | Used | Avail | Used | Avail | Used | Avail | Used | Avail | Used | Avail | Used | Avail | Used | Avail | Used | Avail | Used | Avail | Used | Avail | Used | Avail | Used | Avail | Used | Avail | Used | Avail |
+-------------------+------+-------+------+-------+------+-------+------+-------+------+-------+------+-------+------+-------+------+-------+------+-------+------+-------+------+-------+------+-------+------+-------+------+-------+------+-------+
| X0Y0              |    0 |    12 |    0 |     4 |    0 |     2 |    0 |     4 |    0 |     1 |    0 |     1 |    0 |     0 |    0 |     0 |    0 |    50 |    0 |    50 |    0 | 20800 |    0 |  2400 |    0 |    20 |    0 |    10 |    0 |    20 |
| X1Y0              |    0 |    12 |    0 |     0 |    0 |     0 |    0 |     0 |    0 |     0 |    0 |     0 |    0 |     5 |    0 |     0 |    0 |     0 |    0 |     0 |    0 | 12000 |    0 |  2200 |    0 |    40 |    0 |    20 |    0 |    40 |
| X0Y1              |    1 |    12 |    0 |     4 |    0 |     2 |    0 |     4 |    0 |     1 |    0 |     1 |    0 |     0 |    0 |     0 |    0 |    50 |    0 |    50 |   95 | 16000 |    8 |  2400 |    0 |    20 |    0 |    10 |    0 |    20 |
| X1Y1              |    0 |    12 |    0 |     4 |    0 |     2 |    0 |     4 |    0 |     1 |    0 |     1 |    0 |     0 |    0 |     0 |    0 |    50 |    0 |    50 |    0 | 15200 |    0 |  2600 |    0 |    60 |    0 |    30 |    0 |    40 |
| X0Y2              |    0 |    12 |    0 |     4 |    0 |     2 |    0 |     4 |    0 |     1 |    0 |     1 |    0 |     0 |    0 |     0 |    0 |    50 |    0 |    50 |    0 | 16000 |    0 |  2400 |    0 |    20 |    0 |    10 |    0 |    20 |
| X1Y2              |    0 |    12 |    0 |     4 |    0 |     2 |    0 |     4 |    0 |     1 |    0 |     1 |    0 |     0 |    0 |     0 |    0 |    50 |    0 |    50 |    0 | 15200 |    0 |  2600 |    0 |    60 |    0 |    30 |    0 |    40 |
| X0Y3              |    0 |    12 |    0 |     4 |    0 |     2 |    0 |     4 |    0 |     1 |    0 |     1 |    0 |     0 |    0 |     0 |    0 |    50 |    0 |    50 |    0 | 20800 |    0 |  2400 |    0 |    20 |    0 |    10 |    0 |    20 |
| X1Y3              |    0 |    12 |    0 |     0 |    0 |     0 |    0 |     0 |    0 |     0 |    0 |     0 |    0 |     5 |    0 |     1 |    0 |     0 |    0 |     0 |    0 | 10800 |    0 |  2000 |    0 |    30 |    0 |    15 |    0 |    40 |
+-------------------+------+-------+------+-------+------+-------+------+-------+------+-------+------+-------+------+-------+------+-------+------+-------+------+-------+------+-------+------+-------+------+-------+------+-------+------+-------+
* RAMB36 site can be used as two RAMB18/FIFO18 sites.


8. Net wise resources used in clock region X0Y1
-----------------------------------------------

+-------------+--------------+-------+-----------+----------+---------+-----------+---------+---------+-----+-------+----------+------------------+
| Source Type | BUFHCE Site  | Fixed | MMCM Pins | PLL Pins | GT Pins | BRAM Pins | ILOGICs | OLOGICs | FFs | LUTMs | DSP48E1s |  Clock Net Name  |
+-------------+--------------+-------+-----------+----------+---------+-----------+---------+---------+-----+-------+----------+------------------+
| BUFG        | BUFHCE_X0Y20 |   no  |         0 |        0 |       0 |         0 |       0 |       0 |  27 |     8 |        0 | CLK_IN_IBUF_BUFG |
+-------------+--------------+-------+-----------+----------+---------+-----------+---------+---------+-----+-------+----------+------------------+



# Location of BUFG Primitives 
set_property LOC BUFGCTRL_X0Y16 [get_cells CLK_IN_IBUF_BUFG_inst]

# Location of IO Clock Primitives

# Location of MMCM Clock Primitives

# Location of BUFH Clock Primitives

# Location of BUFR Clock Primitives

# Location of BUFMR Clock Primitives

# Location of PLL Clock Primitives

# Location of IO Primitives which is load of clock spine

# Location of clock ports
set_property LOC IOB_X1Y126 [get_ports CLK_IN]

# Clock net "CLK_IN_IBUF_BUFG" driven by instance "CLK_IN_IBUF_BUFG_inst" located at site "BUFGCTRL_X0Y16"
#startgroup
create_pblock {CLKAG_CLK_IN_IBUF_BUFG}
add_cells_to_pblock [get_pblocks  {CLKAG_CLK_IN_IBUF_BUFG}] [get_cells -filter { PRIMITIVE_GROUP != I/O && IS_PRIMITIVE==1 && PRIMITIVE_LEVEL !=INTERNAL } -of_object [get_pins -filter {DIRECTION==IN} -of_objects [get_nets -hierarchical -filter {PARENT=="CLK_IN_IBUF_BUFG"}]]]
resize_pblock [get_pblocks {CLKAG_CLK_IN_IBUF_BUFG}] -add {CLOCKREGION_X0Y1:CLOCKREGION_X0Y1}
#endgroup

# Clock net "EE" driven by instance "EE_reg" located at site "SLICE_X6Y83"
#startgroup
create_pblock {CLKAG_EE}
add_cells_to_pblock [get_pblocks  {CLKAG_EE}] [get_cells -filter { PRIMITIVE_GROUP != I/O && IS_PRIMITIVE==1 && PRIMITIVE_LEVEL !=INTERNAL } -of_object [get_pins -filter {DIRECTION==IN} -of_objects [get_nets -hierarchical -filter {PARENT=="EE"}]]]
resize_pblock [get_pblocks {CLKAG_EE}] -add {CLOCKREGION_X0Y1:CLOCKREGION_X0Y1}
#endgroup

# Clock net "INSTR_reg[3]_i_1_n_0" driven by instance "INSTR_reg[3]_i_1" located at site "SLICE_X2Y79"
#startgroup
create_pblock {CLKAG_INSTR_reg[3]_i_1_n_0}
add_cells_to_pblock [get_pblocks  {CLKAG_INSTR_reg[3]_i_1_n_0}] [get_cells -filter { PRIMITIVE_GROUP != I/O && IS_PRIMITIVE==1 && PRIMITIVE_LEVEL !=INTERNAL } -of_object [get_pins -filter {DIRECTION==IN} -of_objects [get_nets -hierarchical -filter {PARENT=="INSTR_reg[3]_i_1_n_0"}]]]
resize_pblock [get_pblocks {CLKAG_INSTR_reg[3]_i_1_n_0}] -add {CLOCKREGION_X0Y1:CLOCKREGION_X0Y1}
#endgroup

# Clock net "OP_A_reg[3]_i_1_n_0" driven by instance "OP_A_reg[3]_i_1" located at site "SLICE_X2Y82"
#startgroup
create_pblock {CLKAG_OP_A_reg[3]_i_1_n_0}
add_cells_to_pblock [get_pblocks  {CLKAG_OP_A_reg[3]_i_1_n_0}] [get_cells -filter { PRIMITIVE_GROUP != I/O && IS_PRIMITIVE==1 && PRIMITIVE_LEVEL !=INTERNAL } -of_object [get_pins -filter {DIRECTION==IN} -of_objects [get_nets -hierarchical -filter {PARENT=="OP_A_reg[3]_i_1_n_0"}]]]
resize_pblock [get_pblocks {CLKAG_OP_A_reg[3]_i_1_n_0}] -add {CLOCKREGION_X0Y1:CLOCKREGION_X0Y1}
#endgroup

# Clock net "REG_A_reg[7]_i_1_n_0" driven by instance "REG_A_reg[7]_i_1" located at site "SLICE_X6Y81"
#startgroup
create_pblock {CLKAG_REG_A_reg[7]_i_1_n_0}
add_cells_to_pblock [get_pblocks  {CLKAG_REG_A_reg[7]_i_1_n_0}] [get_cells -filter { PRIMITIVE_GROUP != I/O && IS_PRIMITIVE==1 && PRIMITIVE_LEVEL !=INTERNAL } -of_object [get_pins -filter {DIRECTION==IN} -of_objects [get_nets -hierarchical -filter {PARENT=="REG_A_reg[7]_i_1_n_0"}]]]
resize_pblock [get_pblocks {CLKAG_REG_A_reg[7]_i_1_n_0}] -add {CLOCKREGION_X0Y1:CLOCKREGION_X0Y1}
#endgroup

# Clock net "REG_B_reg[7]_i_1_n_0" driven by instance "REG_B_reg[7]_i_1" located at site "SLICE_X7Y79"
#startgroup
create_pblock {CLKAG_REG_B_reg[7]_i_1_n_0}
add_cells_to_pblock [get_pblocks  {CLKAG_REG_B_reg[7]_i_1_n_0}] [get_cells -filter { PRIMITIVE_GROUP != I/O && IS_PRIMITIVE==1 && PRIMITIVE_LEVEL !=INTERNAL } -of_object [get_pins -filter {DIRECTION==IN} -of_objects [get_nets -hierarchical -filter {PARENT=="REG_B_reg[7]_i_1_n_0"}]]]
resize_pblock [get_pblocks {CLKAG_REG_B_reg[7]_i_1_n_0}] -add {CLOCKREGION_X0Y1:CLOCKREGION_X0Y1}
#endgroup

# Clock net "data_to_ram_reg[7]_i_2_n_0" driven by instance "data_to_ram_reg[7]_i_2" located at site "SLICE_X2Y82"
#startgroup
create_pblock {CLKAG_data_to_ram_reg[7]_i_2_n_0}
add_cells_to_pblock [get_pblocks  {CLKAG_data_to_ram_reg[7]_i_2_n_0}] [get_cells -filter { PRIMITIVE_GROUP != I/O && IS_PRIMITIVE==1 && PRIMITIVE_LEVEL !=INTERNAL } -of_object [get_pins -filter {DIRECTION==IN} -of_objects [get_nets -hierarchical -filter {PARENT=="data_to_ram_reg[7]_i_2_n_0"}]]]
resize_pblock [get_pblocks {CLKAG_data_to_ram_reg[7]_i_2_n_0}] -add {CLOCKREGION_X0Y1:CLOCKREGION_X0Y1}
#endgroup

# Clock net "divider_map/CLK" driven by instance "divider_map/register_counter_reg[6]" located at site "SLICE_X0Y76"
#startgroup
create_pblock {CLKAG_divider_map/CLK}
add_cells_to_pblock [get_pblocks  {CLKAG_divider_map/CLK}] [get_cells -filter { PRIMITIVE_GROUP != I/O && IS_PRIMITIVE==1 && PRIMITIVE_LEVEL !=INTERNAL } -of_object [get_pins -filter {DIRECTION==IN} -of_objects [get_nets -hierarchical -filter {PARENT=="divider_map/CLK"}]]]
resize_pblock [get_pblocks {CLKAG_divider_map/CLK}] -add {CLOCKREGION_X0Y1:CLOCKREGION_X0Y1}
#endgroup

# Clock net "divider_map/CLK_AN" driven by instance "divider_map/register_counter_reg[14]" located at site "SLICE_X0Y78"
#startgroup
create_pblock {CLKAG_divider_map/CLK_AN}
add_cells_to_pblock [get_pblocks  {CLKAG_divider_map/CLK_AN}] [get_cells -filter { PRIMITIVE_GROUP != I/O && IS_PRIMITIVE==1 && PRIMITIVE_LEVEL !=INTERNAL } -of_object [get_pins -filter {DIRECTION==IN} -of_objects [get_nets -hierarchical -filter {PARENT=="divider_map/CLK_AN"}]]]
resize_pblock [get_pblocks {CLKAG_divider_map/CLK_AN}] -add {CLOCKREGION_X0Y1:CLOCKREGION_X0Y1}
#endgroup

# Clock net "divider_map/mem_addr_counter_reg[3]" driven by instance "divider_map/register_counter_reg[26]" located at site "SLICE_X0Y81"
#startgroup
create_pblock {CLKAG_divider_map/mem_addr_counter_reg[3]}
add_cells_to_pblock [get_pblocks  {CLKAG_divider_map/mem_addr_counter_reg[3]}] [get_cells -filter { PRIMITIVE_GROUP != I/O && IS_PRIMITIVE==1 && PRIMITIVE_LEVEL !=INTERNAL } -of_object [get_pins -filter {DIRECTION==IN} -of_objects [get_nets -hierarchical -filter {PARENT=="divider_map/mem_addr_counter_reg[3]"}]]]
resize_pblock [get_pblocks {CLKAG_divider_map/mem_addr_counter_reg[3]}] -add {CLOCKREGION_X0Y1:CLOCKREGION_X0Y1}
#endgroup

# Clock net "mem_addr_reg[3]_i_2_n_0" driven by instance "mem_addr_reg[3]_i_2" located at site "SLICE_X2Y82"
#startgroup
create_pblock {CLKAG_mem_addr_reg[3]_i_2_n_0}
add_cells_to_pblock [get_pblocks  {CLKAG_mem_addr_reg[3]_i_2_n_0}] [get_cells -filter { PRIMITIVE_GROUP != I/O && IS_PRIMITIVE==1 && PRIMITIVE_LEVEL !=INTERNAL } -of_object [get_pins -filter {DIRECTION==IN} -of_objects [get_nets -hierarchical -filter {PARENT=="mem_addr_reg[3]_i_2_n_0"}]]]
resize_pblock [get_pblocks {CLKAG_mem_addr_reg[3]_i_2_n_0}] -add {CLOCKREGION_X0Y1:CLOCKREGION_X0Y1}
#endgroup

# Clock net "mem_address_mux_reg_i_2_n_0" driven by instance "mem_address_mux_reg_i_2" located at site "SLICE_X6Y82"
#startgroup
create_pblock {CLKAG_mem_address_mux_reg_i_2_n_0}
add_cells_to_pblock [get_pblocks  {CLKAG_mem_address_mux_reg_i_2_n_0}] [get_cells -filter { PRIMITIVE_GROUP != I/O && IS_PRIMITIVE==1 && PRIMITIVE_LEVEL !=INTERNAL } -of_object [get_pins -filter {DIRECTION==IN} -of_objects [get_nets -hierarchical -filter {PARENT=="mem_address_mux_reg_i_2_n_0"}]]]
resize_pblock [get_pblocks {CLKAG_mem_address_mux_reg_i_2_n_0}] -add {CLOCKREGION_X0Y1:CLOCKREGION_X0Y1}
#endgroup
