Copyright 1986-2015 Xilinx, Inc. All Rights Reserved.
--------------------------------------------------------------------------------------------
| Tool Version      : Vivado v.2015.2 (win64) Build 1266856 Fri Jun 26 16:35:25 MDT 2015
| Date              : Wed Nov 25 19:39:01 2015
| Host              : Austin-MBP running 64-bit major release  (build 9200)
| Command           : report_clock_utilization -file Final_top_clock_utilization_routed.rpt
| Design            : Final_top
| Device            : 7a100t-csg324
| Speed File        : -1  PRODUCTION 1.14 2014-09-11
| Temperature Grade : C
--------------------------------------------------------------------------------------------

Clock Utilization Report

Table of Contents
-----------------
1. Clock Primitive Utilization
2. Details of Global Clocks
3. Details of Regional Clocks
4. Details of Multi-Regional Clocks
5. Details of I/O Clocks
6. Details of Local Clocks
7. Clock Regions : Key Resource Utilization
8. Net wise resources used in clock region X0Y2

1. Clock Primitive Utilization
------------------------------

+-------+------+-----------+-----------+
| Type  | Used | Available | Num Fixed |
+-------+------+-----------+-----------+
| BUFG  |    1 |        32 |         0 |
| BUFH  |    0 |        96 |         0 |
| BUFIO |    0 |        24 |         0 |
| MMCM  |    0 |         6 |         0 |
| PLL   |    0 |         6 |         0 |
| BUFR  |    0 |        24 |         0 |
| BUFMR |    0 |        12 |         0 |
+-------+------+-----------+-----------+


2. Details of Global Clocks
---------------------------

+-------+-----------------------+------------------+--------------+-------+
|       |                       |                  |   Num Loads  |       |
+-------+-----------------------+------------------+------+-------+-------+
| Index | BUFG Cell             | Net Name         | BELs | Sites | Fixed |
+-------+-----------------------+------------------+------+-------+-------+
|     1 | CLK_IN_IBUF_BUFG_inst | CLK_IN_IBUF_BUFG |   43 |    15 |    no |
+-------+-----------------------+------------------+------+-------+-------+


3. Details of Regional Clocks
-----------------------------

4. Details of Multi-Regional Clocks
-----------------------------------

5. Details of I/O Clocks
------------------------

6. Details of Local Clocks
--------------------------

+-------+---------------------------------------------+-----------------------------------------+--------------+-------+
|       |                                             |                                         |   Num Loads  |       |
+-------+---------------------------------------------+-----------------------------------------+------+-------+-------+
| Index | Local Clk Src                               | Net Name                                | BELs | Sites | Fixed |
+-------+---------------------------------------------+-----------------------------------------+------+-------+-------+
|     1 | Config_map/START_reg_i_2__0                 | Config_map/START_reg_i_2__0_n_0         |    1 |     1 |    no |
|     2 | Read_fsm_map/START_reg_i_2                  | Read_fsm_map/START_reg_i_2_n_0          |    1 |     1 |    no |
|     3 | ADXL_com_map/serial_register_reg[0]_LDC_i_1 | ADXL_com_map/serial_register_reg[0]_P   |    2 |     2 |    no |
|     4 | ADXL_com_map/serial_register_reg[1]_LDC_i_1 | ADXL_com_map/serial_register_reg[1]_P_0 |    2 |     2 |    no |
|     5 | ADXL_com_map/serial_register_reg[2]_LDC_i_1 | ADXL_com_map/serial_register_reg[2]_P   |    2 |     2 |    no |
|     6 | ADXL_com_map/serial_register_reg[3]_LDC_i_1 | ADXL_com_map/serial_register_reg[3]_P   |    2 |     2 |    no |
|     7 | ADXL_com_map/serial_register_reg[5]_LDC_i_1 | ADXL_com_map/serial_register_reg[5]_P   |    2 |     2 |    no |
|     8 | ADXL_com_map/serial_register_reg[6]_LDC_i_1 | ADXL_com_map/serial_register_reg[6]_P   |    2 |     2 |    no |
|     9 | SPI_state_clk_map/TX_DONE_reg_i_2           | SPI_state_clk_map/TX_DONE_reg_i_2_n_0   |    2 |     1 |    no |
|    10 | read_accel_reg_i_1                          | read_accel_reg_i_1_n_0                  |    2 |     1 |    no |
|    11 | ADXL_com_map/DONE_reg_i_2                   | ADXL_com_map/DONE_reg_i_2_n_0           |    4 |     2 |    no |
|    12 | ADXL_com_map/TX_DATA_reg[6]_i_2             | ADXL_com_map/TX_DATA_reg[6]_i_2_n_0     |    6 |     3 |    no |
|    13 | divider_map/clk_out1Hz_reg                  | divider_map/CLK_OUT_1Hz                 |    6 |     3 |    no |
|    14 | Config_map/TX_DATA_reg[6]_i_2__0            | Config_map/TX_DATA_reg[6]_i_2__0_n_0    |   10 |     3 |    no |
|    15 | Read_fsm_map/y_value_reg[11]_i_1            | Read_fsm_map/y_value_reg[11]_i_1_n_0    |   12 |    10 |    no |
|    16 | adxl_cmd_reg[2]_i_2                         | adxl_cmd_reg[2]_i_2_n_0                 |   13 |     5 |    no |
|    17 | SPI_state_clk_map/SPI_CLK_reg               | SPI_state_clk_map/SPI_CLK               |   28 |    24 |    no |
+-------+---------------------------------------------+-----------------------------------------+------+-------+-------+


7. Clock Regions : Key Resource Utilization
-------------------------------------------

+-------------------+--------------+--------------+--------------+--------------+--------------+--------------+--------------+--------------+--------------+--------------+--------------+--------------+--------------+--------------+--------------+
|                   | Global Clock |     BUFRs    |    BUFMRs    |    BUFIOs    |     MMCM     |      PLL     |      GT      |      PCI     |    ILOGIC    |    OLOGIC    |      FF      |     LUTM     |    RAMB18    |    RAMB36    |    DSP48E1   |
+-------------------+------+-------+------+-------+------+-------+------+-------+------+-------+------+-------+------+-------+------+-------+------+-------+------+-------+------+-------+------+-------+------+-------+------+-------+------+-------+
| Clock Region Name | Used | Avail | Used | Avail | Used | Avail | Used | Avail | Used | Avail | Used | Avail | Used | Avail | Used | Avail | Used | Avail | Used | Avail | Used | Avail | Used | Avail | Used | Avail | Used | Avail | Used | Avail |
+-------------------+------+-------+------+-------+------+-------+------+-------+------+-------+------+-------+------+-------+------+-------+------+-------+------+-------+------+-------+------+-------+------+-------+------+-------+------+-------+
| X0Y0              |    0 |    12 |    0 |     4 |    0 |     2 |    0 |     4 |    0 |     1 |    0 |     1 |    0 |     0 |    0 |     0 |    0 |    50 |    0 |    50 |    0 | 20800 |    0 |  2400 |    0 |    20 |    0 |    10 |    0 |    20 |
| X1Y0              |    0 |    12 |    0 |     0 |    0 |     0 |    0 |     0 |    0 |     0 |    0 |     0 |    0 |     5 |    0 |     0 |    0 |     0 |    0 |     0 |    0 | 12000 |    0 |  2200 |    0 |    40 |    0 |    20 |    0 |    40 |
| X0Y1              |    0 |    12 |    0 |     4 |    0 |     2 |    0 |     4 |    0 |     1 |    0 |     1 |    0 |     0 |    0 |     0 |    0 |    50 |    0 |    50 |   19 | 16000 |    1 |  2400 |    0 |    20 |    0 |    10 |    0 |    20 |
| X1Y1              |    0 |    12 |    0 |     4 |    0 |     2 |    0 |     4 |    0 |     1 |    0 |     1 |    0 |     0 |    0 |     0 |    0 |    50 |    0 |    50 |    0 | 15200 |    0 |  2600 |    0 |    60 |    0 |    30 |    0 |    40 |
| X0Y2              |    1 |    12 |    0 |     4 |    0 |     2 |    0 |     4 |    0 |     1 |    0 |     1 |    0 |     0 |    0 |     0 |    0 |    50 |    0 |    50 |  111 | 16000 |    0 |  2400 |    0 |    20 |    0 |    10 |    0 |    20 |
| X1Y2              |    0 |    12 |    0 |     4 |    0 |     2 |    0 |     4 |    0 |     1 |    0 |     1 |    0 |     0 |    0 |     0 |    0 |    50 |    0 |    50 |    0 | 15200 |    0 |  2600 |    0 |    60 |    0 |    30 |    0 |    40 |
| X0Y3              |    0 |    12 |    0 |     4 |    0 |     2 |    0 |     4 |    0 |     1 |    0 |     1 |    0 |     0 |    0 |     0 |    0 |    50 |    0 |    50 |    0 | 20800 |    0 |  2400 |    0 |    20 |    0 |    10 |    0 |    20 |
| X1Y3              |    0 |    12 |    0 |     0 |    0 |     0 |    0 |     0 |    0 |     0 |    0 |     0 |    0 |     5 |    0 |     1 |    0 |     0 |    0 |     0 |    0 | 10800 |    0 |  2000 |    0 |    30 |    0 |    15 |    0 |    40 |
+-------------------+------+-------+------+-------+------+-------+------+-------+------+-------+------+-------+------+-------+------+-------+------+-------+------+-------+------+-------+------+-------+------+-------+------+-------+------+-------+
* RAMB36 site can be used as two RAMB18/FIFO18 sites.


8. Net wise resources used in clock region X0Y2
-----------------------------------------------

+-------------+--------------+-------+-----------+----------+---------+-----------+---------+---------+-----+-------+----------+------------------+
| Source Type | BUFHCE Site  | Fixed | MMCM Pins | PLL Pins | GT Pins | BRAM Pins | ILOGICs | OLOGICs | FFs | LUTMs | DSP48E1s |  Clock Net Name  |
+-------------+--------------+-------+-----------+----------+---------+-----------+---------+---------+-----+-------+----------+------------------+
| BUFG        | BUFHCE_X0Y32 |   no  |         0 |        0 |       0 |         0 |       0 |       0 |  43 |     0 |        0 | CLK_IN_IBUF_BUFG |
+-------------+--------------+-------+-----------+----------+---------+-----------+---------+---------+-----+-------+----------+------------------+



# Location of BUFG Primitives 
set_property LOC BUFGCTRL_X0Y16 [get_cells CLK_IN_IBUF_BUFG_inst]

# Location of IO Clock Primitives

# Location of MMCM Clock Primitives

# Location of BUFH Clock Primitives

# Location of BUFR Clock Primitives

# Location of BUFMR Clock Primitives

# Location of PLL Clock Primitives

# Location of IO Primitives which is load of clock spine
set_property LOC IOB_X0Y122 [get_cells ACL_SCLK_OBUF_inst]
set_property LOC IOB_X0Y59 [get_cells LED_OBUF[14]_inst]

# Location of clock ports
set_property LOC IOB_X1Y126 [get_ports CLK_IN]

# Clock net "ADXL_com_map/DONE_reg_i_2_n_0" driven by instance "ADXL_com_map/DONE_reg_i_2" located at site "SLICE_X3Y126"
#startgroup
create_pblock {CLKAG_ADXL_com_map/DONE_reg_i_2_n_0}
add_cells_to_pblock [get_pblocks  {CLKAG_ADXL_com_map/DONE_reg_i_2_n_0}] [get_cells -filter { PRIMITIVE_GROUP != I/O && IS_PRIMITIVE==1 && PRIMITIVE_LEVEL !=INTERNAL } -of_object [get_pins -filter {DIRECTION==IN} -of_objects [get_nets -hierarchical -filter {PARENT=="ADXL_com_map/DONE_reg_i_2_n_0"}]]]
resize_pblock [get_pblocks {CLKAG_ADXL_com_map/DONE_reg_i_2_n_0}] -add {CLOCKREGION_X0Y2:CLOCKREGION_X0Y2}
#endgroup

# Clock net "ADXL_com_map/TX_DATA_reg[6]_i_2_n_0" driven by instance "ADXL_com_map/TX_DATA_reg[6]_i_2" located at site "SLICE_X2Y124"
#startgroup
create_pblock {CLKAG_ADXL_com_map/TX_DATA_reg[6]_i_2_n_0}
add_cells_to_pblock [get_pblocks  {CLKAG_ADXL_com_map/TX_DATA_reg[6]_i_2_n_0}] [get_cells -filter { PRIMITIVE_GROUP != I/O && IS_PRIMITIVE==1 && PRIMITIVE_LEVEL !=INTERNAL } -of_object [get_pins -filter {DIRECTION==IN} -of_objects [get_nets -hierarchical -filter {PARENT=="ADXL_com_map/TX_DATA_reg[6]_i_2_n_0"}]]]
resize_pblock [get_pblocks {CLKAG_ADXL_com_map/TX_DATA_reg[6]_i_2_n_0}] -add {CLOCKREGION_X0Y2:CLOCKREGION_X0Y2}
#endgroup

# Clock net "ADXL_com_map/serial_register_reg[0]_P" driven by instance "ADXL_com_map/serial_register_reg[0]_LDC_i_1" located at site "SLICE_X6Y122"
#startgroup
create_pblock {CLKAG_ADXL_com_map/serial_register_reg[0]_P}
add_cells_to_pblock [get_pblocks  {CLKAG_ADXL_com_map/serial_register_reg[0]_P}] [get_cells -filter { PRIMITIVE_GROUP != I/O && IS_PRIMITIVE==1 && PRIMITIVE_LEVEL !=INTERNAL } -of_object [get_pins -filter {DIRECTION==IN} -of_objects [get_nets -hierarchical -filter {PARENT=="ADXL_com_map/serial_register_reg[0]_P"}]]]
resize_pblock [get_pblocks {CLKAG_ADXL_com_map/serial_register_reg[0]_P}] -add {CLOCKREGION_X0Y2:CLOCKREGION_X0Y2}
#endgroup

# Clock net "ADXL_com_map/serial_register_reg[1]_P_0" driven by instance "ADXL_com_map/serial_register_reg[1]_LDC_i_1" located at site "SLICE_X2Y122"
#startgroup
create_pblock {CLKAG_ADXL_com_map/serial_register_reg[1]_P_0}
add_cells_to_pblock [get_pblocks  {CLKAG_ADXL_com_map/serial_register_reg[1]_P_0}] [get_cells -filter { PRIMITIVE_GROUP != I/O && IS_PRIMITIVE==1 && PRIMITIVE_LEVEL !=INTERNAL } -of_object [get_pins -filter {DIRECTION==IN} -of_objects [get_nets -hierarchical -filter {PARENT=="ADXL_com_map/serial_register_reg[1]_P_0"}]]]
resize_pblock [get_pblocks {CLKAG_ADXL_com_map/serial_register_reg[1]_P_0}] -add {CLOCKREGION_X0Y2:CLOCKREGION_X0Y2}
#endgroup

# Clock net "ADXL_com_map/serial_register_reg[2]_P" driven by instance "ADXL_com_map/serial_register_reg[2]_LDC_i_1" located at site "SLICE_X2Y123"
#startgroup
create_pblock {CLKAG_ADXL_com_map/serial_register_reg[2]_P}
add_cells_to_pblock [get_pblocks  {CLKAG_ADXL_com_map/serial_register_reg[2]_P}] [get_cells -filter { PRIMITIVE_GROUP != I/O && IS_PRIMITIVE==1 && PRIMITIVE_LEVEL !=INTERNAL } -of_object [get_pins -filter {DIRECTION==IN} -of_objects [get_nets -hierarchical -filter {PARENT=="ADXL_com_map/serial_register_reg[2]_P"}]]]
resize_pblock [get_pblocks {CLKAG_ADXL_com_map/serial_register_reg[2]_P}] -add {CLOCKREGION_X0Y2:CLOCKREGION_X0Y2}
#endgroup

# Clock net "ADXL_com_map/serial_register_reg[3]_P" driven by instance "ADXL_com_map/serial_register_reg[3]_LDC_i_1" located at site "SLICE_X3Y123"
#startgroup
create_pblock {CLKAG_ADXL_com_map/serial_register_reg[3]_P}
add_cells_to_pblock [get_pblocks  {CLKAG_ADXL_com_map/serial_register_reg[3]_P}] [get_cells -filter { PRIMITIVE_GROUP != I/O && IS_PRIMITIVE==1 && PRIMITIVE_LEVEL !=INTERNAL } -of_object [get_pins -filter {DIRECTION==IN} -of_objects [get_nets -hierarchical -filter {PARENT=="ADXL_com_map/serial_register_reg[3]_P"}]]]
resize_pblock [get_pblocks {CLKAG_ADXL_com_map/serial_register_reg[3]_P}] -add {CLOCKREGION_X0Y2:CLOCKREGION_X0Y2}
#endgroup

# Clock net "ADXL_com_map/serial_register_reg[5]_P" driven by instance "ADXL_com_map/serial_register_reg[5]_LDC_i_1" located at site "SLICE_X1Y123"
#startgroup
create_pblock {CLKAG_ADXL_com_map/serial_register_reg[5]_P}
add_cells_to_pblock [get_pblocks  {CLKAG_ADXL_com_map/serial_register_reg[5]_P}] [get_cells -filter { PRIMITIVE_GROUP != I/O && IS_PRIMITIVE==1 && PRIMITIVE_LEVEL !=INTERNAL } -of_object [get_pins -filter {DIRECTION==IN} -of_objects [get_nets -hierarchical -filter {PARENT=="ADXL_com_map/serial_register_reg[5]_P"}]]]
resize_pblock [get_pblocks {CLKAG_ADXL_com_map/serial_register_reg[5]_P}] -add {CLOCKREGION_X0Y2:CLOCKREGION_X0Y2}
#endgroup

# Clock net "ADXL_com_map/serial_register_reg[6]_P" driven by instance "ADXL_com_map/serial_register_reg[6]_LDC_i_1" located at site "SLICE_X1Y122"
#startgroup
create_pblock {CLKAG_ADXL_com_map/serial_register_reg[6]_P}
add_cells_to_pblock [get_pblocks  {CLKAG_ADXL_com_map/serial_register_reg[6]_P}] [get_cells -filter { PRIMITIVE_GROUP != I/O && IS_PRIMITIVE==1 && PRIMITIVE_LEVEL !=INTERNAL } -of_object [get_pins -filter {DIRECTION==IN} -of_objects [get_nets -hierarchical -filter {PARENT=="ADXL_com_map/serial_register_reg[6]_P"}]]]
resize_pblock [get_pblocks {CLKAG_ADXL_com_map/serial_register_reg[6]_P}] -add {CLOCKREGION_X0Y2:CLOCKREGION_X0Y2}
#endgroup

# Clock net "CLK_IN_IBUF_BUFG" driven by instance "CLK_IN_IBUF_BUFG_inst" located at site "BUFGCTRL_X0Y16"
#startgroup
create_pblock {CLKAG_CLK_IN_IBUF_BUFG}
add_cells_to_pblock [get_pblocks  {CLKAG_CLK_IN_IBUF_BUFG}] [get_cells -filter { PRIMITIVE_GROUP != I/O && IS_PRIMITIVE==1 && PRIMITIVE_LEVEL !=INTERNAL } -of_object [get_pins -filter {DIRECTION==IN} -of_objects [get_nets -hierarchical -filter {PARENT=="CLK_IN_IBUF_BUFG"}]]]
resize_pblock [get_pblocks {CLKAG_CLK_IN_IBUF_BUFG}] -add {CLOCKREGION_X0Y2:CLOCKREGION_X0Y2}
#endgroup

# Clock net "Config_map/START_reg_i_2__0_n_0" driven by instance "Config_map/START_reg_i_2__0" located at site "SLICE_X8Y123"
#startgroup
create_pblock {CLKAG_Config_map/START_reg_i_2__0_n_0}
add_cells_to_pblock [get_pblocks  {CLKAG_Config_map/START_reg_i_2__0_n_0}] [get_cells -filter { PRIMITIVE_GROUP != I/O && IS_PRIMITIVE==1 && PRIMITIVE_LEVEL !=INTERNAL } -of_object [get_pins -filter {DIRECTION==IN} -of_objects [get_nets -hierarchical -filter {PARENT=="Config_map/START_reg_i_2__0_n_0"}]]]
resize_pblock [get_pblocks {CLKAG_Config_map/START_reg_i_2__0_n_0}] -add {CLOCKREGION_X0Y2:CLOCKREGION_X0Y2}
#endgroup

# Clock net "Config_map/TX_DATA_reg[6]_i_2__0_n_0" driven by instance "Config_map/TX_DATA_reg[6]_i_2__0" located at site "SLICE_X7Y125"
#startgroup
create_pblock {CLKAG_Config_map/TX_DATA_reg[6]_i_2__0_n_0}
add_cells_to_pblock [get_pblocks  {CLKAG_Config_map/TX_DATA_reg[6]_i_2__0_n_0}] [get_cells -filter { PRIMITIVE_GROUP != I/O && IS_PRIMITIVE==1 && PRIMITIVE_LEVEL !=INTERNAL } -of_object [get_pins -filter {DIRECTION==IN} -of_objects [get_nets -hierarchical -filter {PARENT=="Config_map/TX_DATA_reg[6]_i_2__0_n_0"}]]]
resize_pblock [get_pblocks {CLKAG_Config_map/TX_DATA_reg[6]_i_2__0_n_0}] -add {CLOCKREGION_X0Y2:CLOCKREGION_X0Y2}
#endgroup

# Clock net "Read_fsm_map/START_reg_i_2_n_0" driven by instance "Read_fsm_map/START_reg_i_2" located at site "SLICE_X0Y138"
#startgroup
create_pblock {CLKAG_Read_fsm_map/START_reg_i_2_n_0}
add_cells_to_pblock [get_pblocks  {CLKAG_Read_fsm_map/START_reg_i_2_n_0}] [get_cells -filter { PRIMITIVE_GROUP != I/O && IS_PRIMITIVE==1 && PRIMITIVE_LEVEL !=INTERNAL } -of_object [get_pins -filter {DIRECTION==IN} -of_objects [get_nets -hierarchical -filter {PARENT=="Read_fsm_map/START_reg_i_2_n_0"}]]]
resize_pblock [get_pblocks {CLKAG_Read_fsm_map/START_reg_i_2_n_0}] -add {CLOCKREGION_X0Y2:CLOCKREGION_X0Y2}
#endgroup

# Clock net "Read_fsm_map/y_value_reg[11]_i_1_n_0" driven by instance "Read_fsm_map/y_value_reg[11]_i_1" located at site "SLICE_X0Y138"
#startgroup
create_pblock {CLKAG_Read_fsm_map/y_value_reg[11]_i_1_n_0}
add_cells_to_pblock [get_pblocks  {CLKAG_Read_fsm_map/y_value_reg[11]_i_1_n_0}] [get_cells -filter { PRIMITIVE_GROUP != I/O && IS_PRIMITIVE==1 && PRIMITIVE_LEVEL !=INTERNAL } -of_object [get_pins -filter {DIRECTION==IN} -of_objects [get_nets -hierarchical -filter {PARENT=="Read_fsm_map/y_value_reg[11]_i_1_n_0"}]]]
resize_pblock [get_pblocks {CLKAG_Read_fsm_map/y_value_reg[11]_i_1_n_0}] -add {CLOCKREGION_X0Y1:CLOCKREGION_X0Y1 CLOCKREGION_X0Y2:CLOCKREGION_X0Y2}
#endgroup

# Clock net "SPI_state_clk_map/SPI_CLK" driven by instance "SPI_state_clk_map/SPI_CLK_reg" located at site "SLICE_X6Y124"
#startgroup
create_pblock {CLKAG_SPI_state_clk_map/SPI_CLK}
add_cells_to_pblock [get_pblocks  {CLKAG_SPI_state_clk_map/SPI_CLK}] [get_cells -filter { PRIMITIVE_GROUP != I/O && IS_PRIMITIVE==1 && PRIMITIVE_LEVEL !=INTERNAL && NAME!=LED_OBUF[14]_inst && NAME!=ACL_SCLK_OBUF_inst} -of_object [get_pins -filter {DIRECTION==IN} -of_objects [get_nets -hierarchical -filter {PARENT=="SPI_state_clk_map/SPI_CLK"}]]]
resize_pblock [get_pblocks {CLKAG_SPI_state_clk_map/SPI_CLK}] -add {CLOCKREGION_X0Y1:CLOCKREGION_X0Y1 CLOCKREGION_X0Y2:CLOCKREGION_X0Y2}
#endgroup

# Clock net "SPI_state_clk_map/TX_DONE_reg_i_2_n_0" driven by instance "SPI_state_clk_map/TX_DONE_reg_i_2" located at site "SLICE_X6Y124"
#startgroup
create_pblock {CLKAG_SPI_state_clk_map/TX_DONE_reg_i_2_n_0}
add_cells_to_pblock [get_pblocks  {CLKAG_SPI_state_clk_map/TX_DONE_reg_i_2_n_0}] [get_cells -filter { PRIMITIVE_GROUP != I/O && IS_PRIMITIVE==1 && PRIMITIVE_LEVEL !=INTERNAL } -of_object [get_pins -filter {DIRECTION==IN} -of_objects [get_nets -hierarchical -filter {PARENT=="SPI_state_clk_map/TX_DONE_reg_i_2_n_0"}]]]
resize_pblock [get_pblocks {CLKAG_SPI_state_clk_map/TX_DONE_reg_i_2_n_0}] -add {CLOCKREGION_X0Y2:CLOCKREGION_X0Y2}
#endgroup

# Clock net "adxl_cmd_reg[2]_i_2_n_0" driven by instance "adxl_cmd_reg[2]_i_2" located at site "SLICE_X5Y123"
#startgroup
create_pblock {CLKAG_adxl_cmd_reg[2]_i_2_n_0}
add_cells_to_pblock [get_pblocks  {CLKAG_adxl_cmd_reg[2]_i_2_n_0}] [get_cells -filter { PRIMITIVE_GROUP != I/O && IS_PRIMITIVE==1 && PRIMITIVE_LEVEL !=INTERNAL } -of_object [get_pins -filter {DIRECTION==IN} -of_objects [get_nets -hierarchical -filter {PARENT=="adxl_cmd_reg[2]_i_2_n_0"}]]]
resize_pblock [get_pblocks {CLKAG_adxl_cmd_reg[2]_i_2_n_0}] -add {CLOCKREGION_X0Y2:CLOCKREGION_X0Y2}
#endgroup

# Clock net "divider_map/CLK_OUT_1Hz" driven by instance "divider_map/clk_out1Hz_reg" located at site "SLICE_X5Y121"
#startgroup
create_pblock {CLKAG_divider_map/CLK_OUT_1Hz}
add_cells_to_pblock [get_pblocks  {CLKAG_divider_map/CLK_OUT_1Hz}] [get_cells -filter { PRIMITIVE_GROUP != I/O && IS_PRIMITIVE==1 && PRIMITIVE_LEVEL !=INTERNAL } -of_object [get_pins -filter {DIRECTION==IN} -of_objects [get_nets -hierarchical -filter {PARENT=="divider_map/CLK_OUT_1Hz"}]]]
resize_pblock [get_pblocks {CLKAG_divider_map/CLK_OUT_1Hz}] -add {CLOCKREGION_X0Y2:CLOCKREGION_X0Y2}
#endgroup

# Clock net "read_accel_reg_i_1_n_0" driven by instance "read_accel_reg_i_1" located at site "SLICE_X1Y139"
#startgroup
create_pblock {CLKAG_read_accel_reg_i_1_n_0}
add_cells_to_pblock [get_pblocks  {CLKAG_read_accel_reg_i_1_n_0}] [get_cells -filter { PRIMITIVE_GROUP != I/O && IS_PRIMITIVE==1 && PRIMITIVE_LEVEL !=INTERNAL } -of_object [get_pins -filter {DIRECTION==IN} -of_objects [get_nets -hierarchical -filter {PARENT=="read_accel_reg_i_1_n_0"}]]]
resize_pblock [get_pblocks {CLKAG_read_accel_reg_i_1_n_0}] -add {CLOCKREGION_X0Y2:CLOCKREGION_X0Y2}
#endgroup
