Copyright 1986-2015 Xilinx, Inc. All Rights Reserved.
---------------------------------------------------------------------------------------------
| Tool Version      : Vivado v.2015.2 (win64) Build 1266856 Fri Jun 26 16:35:25 MDT 2015
| Date              : Thu Nov 12 19:43:16 2015
| Host              : Austin-MBP running 64-bit major release  (build 9200)
| Command           : report_clock_utilization -file Top_serial_clock_utilization_routed.rpt
| Design            : Top_serial
| Device            : 7a100t-csg324
| Speed File        : -1  PRODUCTION 1.14 2014-09-11
| Temperature Grade : C
---------------------------------------------------------------------------------------------

Clock Utilization Report

Table of Contents
-----------------
1. Clock Primitive Utilization
2. Details of Global Clocks
3. Details of Regional Clocks
4. Details of Multi-Regional Clocks
5. Details of I/O Clocks
6. Details of Local Clocks
7. Clock Regions : Key Resource Utilization
8. Net wise resources used in clock region X0Y1

1. Clock Primitive Utilization
------------------------------

+-------+------+-----------+-----------+
| Type  | Used | Available | Num Fixed |
+-------+------+-----------+-----------+
| BUFG  |    1 |        32 |         0 |
| BUFH  |    0 |        96 |         0 |
| BUFIO |    0 |        24 |         0 |
| MMCM  |    0 |         6 |         0 |
| PLL   |    0 |         6 |         0 |
| BUFR  |    0 |        24 |         0 |
| BUFMR |    0 |        12 |         0 |
+-------+------+-----------+-----------+


2. Details of Global Clocks
---------------------------

+-------+-----------------------+------------------+--------------+-------+
|       |                       |                  |   Num Loads  |       |
+-------+-----------------------+------------------+------+-------+-------+
| Index | BUFG Cell             | Net Name         | BELs | Sites | Fixed |
+-------+-----------------------+------------------+------+-------+-------+
|     1 | CLK_IN_IBUF_BUFG_inst | CLK_IN_IBUF_BUFG |   33 |    12 |    no |
+-------+-----------------------+------------------+------+-------+-------+


3. Details of Regional Clocks
-----------------------------

4. Details of Multi-Regional Clocks
-----------------------------------

5. Details of I/O Clocks
------------------------

6. Details of Local Clocks
--------------------------

+-------+-------------------------------+------------------------------+--------------+-------+
|       |                               |                              |   Num Loads  |       |
+-------+-------------------------------+------------------------------+------+-------+-------+
| Index | Local Clk Src                 | Net Name                     | BELs | Sites | Fixed |
+-------+-------------------------------+------------------------------+------+-------+-------+
|     1 | SPI_map/LED8_reg_i_2          | SPI_map/LED8_reg_i_2_n_0     |    1 |     1 |    no |
|     2 | SPI_map/TX_DONE_reg_i_2       | SPI_map/TX_DONE0_out         |    1 |     1 |    no |
|     3 | SPI_map/LED_reg[14]_i_2       | SPI_map/p_2_out[0]           |    1 |     1 |    no |
|     4 | saved_data_reg                | saved_data                   |    1 |     1 |    no |
|     5 | saved_data_reg_i_1            | saved_data_reg_i_1_n_0       |    3 |     1 |    no |
|     6 | divider_map/clk_out50Hz_reg   | divider_map/clk_out50Hz      |    4 |     4 |    no |
|     7 | SPI_map/TX_DONE_reg           | SPI_map/TX_DONE              |   12 |     9 |    no |
|     8 | FSM_onehot_state_reg[1]       | FSM_onehot_state_reg_n_0_[1] |   14 |     6 |    no |
|     9 | divider_map/clk_out100KHz_reg | divider_map/CLK_OUT_100KHz   |   14 |     9 |    no |
+-------+-------------------------------+------------------------------+------+-------+-------+


7. Clock Regions : Key Resource Utilization
-------------------------------------------

+-------------------+--------------+--------------+--------------+--------------+--------------+--------------+--------------+--------------+--------------+--------------+--------------+--------------+--------------+--------------+--------------+
|                   | Global Clock |     BUFRs    |    BUFMRs    |    BUFIOs    |     MMCM     |      PLL     |      GT      |      PCI     |    ILOGIC    |    OLOGIC    |      FF      |     LUTM     |    RAMB18    |    RAMB36    |    DSP48E1   |
+-------------------+------+-------+------+-------+------+-------+------+-------+------+-------+------+-------+------+-------+------+-------+------+-------+------+-------+------+-------+------+-------+------+-------+------+-------+------+-------+
| Clock Region Name | Used | Avail | Used | Avail | Used | Avail | Used | Avail | Used | Avail | Used | Avail | Used | Avail | Used | Avail | Used | Avail | Used | Avail | Used | Avail | Used | Avail | Used | Avail | Used | Avail | Used | Avail |
+-------------------+------+-------+------+-------+------+-------+------+-------+------+-------+------+-------+------+-------+------+-------+------+-------+------+-------+------+-------+------+-------+------+-------+------+-------+------+-------+
| X0Y0              |    0 |    12 |    0 |     4 |    0 |     2 |    0 |     4 |    0 |     1 |    0 |     1 |    0 |     0 |    0 |     0 |    0 |    50 |    0 |    50 |    0 | 20800 |    0 |  2400 |    0 |    20 |    0 |    10 |    0 |    20 |
| X1Y0              |    0 |    12 |    0 |     0 |    0 |     0 |    0 |     0 |    0 |     0 |    0 |     0 |    0 |     5 |    0 |     0 |    0 |     0 |    0 |     0 |    0 | 12000 |    0 |  2200 |    0 |    40 |    0 |    20 |    0 |    40 |
| X0Y1              |    1 |    12 |    0 |     4 |    0 |     2 |    0 |     4 |    0 |     1 |    0 |     1 |    0 |     0 |    0 |     0 |    0 |    50 |    0 |    50 |   71 | 16000 |    0 |  2400 |    0 |    20 |    0 |    10 |    0 |    20 |
| X1Y1              |    0 |    12 |    0 |     4 |    0 |     2 |    0 |     4 |    0 |     1 |    0 |     1 |    0 |     0 |    0 |     0 |    0 |    50 |    0 |    50 |    0 | 15200 |    0 |  2600 |    0 |    60 |    0 |    30 |    0 |    40 |
| X0Y2              |    0 |    12 |    0 |     4 |    0 |     2 |    0 |     4 |    0 |     1 |    0 |     1 |    0 |     0 |    0 |     0 |    0 |    50 |    0 |    50 |    0 | 16000 |    0 |  2400 |    0 |    20 |    0 |    10 |    0 |    20 |
| X1Y2              |    0 |    12 |    0 |     4 |    0 |     2 |    0 |     4 |    0 |     1 |    0 |     1 |    0 |     0 |    0 |     0 |    0 |    50 |    0 |    50 |    0 | 15200 |    0 |  2600 |    0 |    60 |    0 |    30 |    0 |    40 |
| X0Y3              |    0 |    12 |    0 |     4 |    0 |     2 |    0 |     4 |    0 |     1 |    0 |     1 |    0 |     0 |    0 |     0 |    0 |    50 |    0 |    50 |    0 | 20800 |    0 |  2400 |    0 |    20 |    0 |    10 |    0 |    20 |
| X1Y3              |    0 |    12 |    0 |     0 |    0 |     0 |    0 |     0 |    0 |     0 |    0 |     0 |    0 |     5 |    0 |     1 |    0 |     0 |    0 |     0 |    0 | 10800 |    0 |  2000 |    0 |    30 |    0 |    15 |    0 |    40 |
+-------------------+------+-------+------+-------+------+-------+------+-------+------+-------+------+-------+------+-------+------+-------+------+-------+------+-------+------+-------+------+-------+------+-------+------+-------+------+-------+
* RAMB36 site can be used as two RAMB18/FIFO18 sites.


8. Net wise resources used in clock region X0Y1
-----------------------------------------------

+-------------+--------------+-------+-----------+----------+---------+-----------+---------+---------+-----+-------+----------+------------------+
| Source Type | BUFHCE Site  | Fixed | MMCM Pins | PLL Pins | GT Pins | BRAM Pins | ILOGICs | OLOGICs | FFs | LUTMs | DSP48E1s |  Clock Net Name  |
+-------------+--------------+-------+-----------+----------+---------+-----------+---------+---------+-----+-------+----------+------------------+
| BUFG        | BUFHCE_X0Y20 |   no  |         0 |        0 |       0 |         0 |       0 |       0 |  33 |     0 |        0 | CLK_IN_IBUF_BUFG |
+-------------+--------------+-------+-----------+----------+---------+-----------+---------+---------+-----+-------+----------+------------------+



# Location of BUFG Primitives 
set_property LOC BUFGCTRL_X0Y16 [get_cells CLK_IN_IBUF_BUFG_inst]

# Location of IO Clock Primitives

# Location of MMCM Clock Primitives

# Location of BUFH Clock Primitives

# Location of BUFR Clock Primitives

# Location of BUFMR Clock Primitives

# Location of PLL Clock Primitives

# Location of IO Primitives which is load of clock spine

# Location of clock ports
set_property LOC IOB_X1Y126 [get_ports CLK_IN]

# Clock net "CLK_IN_IBUF_BUFG" driven by instance "CLK_IN_IBUF_BUFG_inst" located at site "BUFGCTRL_X0Y16"
#startgroup
create_pblock {CLKAG_CLK_IN_IBUF_BUFG}
add_cells_to_pblock [get_pblocks  {CLKAG_CLK_IN_IBUF_BUFG}] [get_cells -filter { PRIMITIVE_GROUP != I/O && IS_PRIMITIVE==1 && PRIMITIVE_LEVEL !=INTERNAL } -of_object [get_pins -filter {DIRECTION==IN} -of_objects [get_nets -hierarchical -filter {PARENT=="CLK_IN_IBUF_BUFG"}]]]
resize_pblock [get_pblocks {CLKAG_CLK_IN_IBUF_BUFG}] -add {CLOCKREGION_X0Y1:CLOCKREGION_X0Y1}
#endgroup

# Clock net "FSM_onehot_state_reg_n_0_[1]" driven by instance "FSM_onehot_state_reg[1]" located at site "SLICE_X1Y82"
#startgroup
create_pblock {CLKAG_FSM_onehot_state_reg_n_0_[1]}
add_cells_to_pblock [get_pblocks  {CLKAG_FSM_onehot_state_reg_n_0_[1]}] [get_cells -filter { PRIMITIVE_GROUP != I/O && IS_PRIMITIVE==1 && PRIMITIVE_LEVEL !=INTERNAL } -of_object [get_pins -filter {DIRECTION==IN} -of_objects [get_nets -hierarchical -filter {PARENT=="FSM_onehot_state_reg_n_0_[1]"}]]]
resize_pblock [get_pblocks {CLKAG_FSM_onehot_state_reg_n_0_[1]}] -add {CLOCKREGION_X0Y1:CLOCKREGION_X0Y1}
#endgroup

# Clock net "SPI_map/LED8_reg_i_2_n_0" driven by instance "SPI_map/LED8_reg_i_2" located at site "SLICE_X6Y82"
#startgroup
create_pblock {CLKAG_SPI_map/LED8_reg_i_2_n_0}
add_cells_to_pblock [get_pblocks  {CLKAG_SPI_map/LED8_reg_i_2_n_0}] [get_cells -filter { PRIMITIVE_GROUP != I/O && IS_PRIMITIVE==1 && PRIMITIVE_LEVEL !=INTERNAL } -of_object [get_pins -filter {DIRECTION==IN} -of_objects [get_nets -hierarchical -filter {PARENT=="SPI_map/LED8_reg_i_2_n_0"}]]]
resize_pblock [get_pblocks {CLKAG_SPI_map/LED8_reg_i_2_n_0}] -add {CLOCKREGION_X0Y1:CLOCKREGION_X0Y1}
#endgroup

# Clock net "SPI_map/TX_DONE" driven by instance "SPI_map/TX_DONE_reg" located at site "SLICE_X6Y81"
#startgroup
create_pblock {CLKAG_SPI_map/TX_DONE}
add_cells_to_pblock [get_pblocks  {CLKAG_SPI_map/TX_DONE}] [get_cells -filter { PRIMITIVE_GROUP != I/O && IS_PRIMITIVE==1 && PRIMITIVE_LEVEL !=INTERNAL } -of_object [get_pins -filter {DIRECTION==IN} -of_objects [get_nets -hierarchical -filter {PARENT=="SPI_map/TX_DONE"}]]]
resize_pblock [get_pblocks {CLKAG_SPI_map/TX_DONE}] -add {CLOCKREGION_X0Y1:CLOCKREGION_X0Y1}
#endgroup

# Clock net "SPI_map/TX_DONE0_out" driven by instance "SPI_map/TX_DONE_reg_i_2" located at site "SLICE_X6Y82"
#startgroup
create_pblock {CLKAG_SPI_map/TX_DONE0_out}
add_cells_to_pblock [get_pblocks  {CLKAG_SPI_map/TX_DONE0_out}] [get_cells -filter { PRIMITIVE_GROUP != I/O && IS_PRIMITIVE==1 && PRIMITIVE_LEVEL !=INTERNAL } -of_object [get_pins -filter {DIRECTION==IN} -of_objects [get_nets -hierarchical -filter {PARENT=="SPI_map/TX_DONE0_out"}]]]
resize_pblock [get_pblocks {CLKAG_SPI_map/TX_DONE0_out}] -add {CLOCKREGION_X0Y1:CLOCKREGION_X0Y1}
#endgroup

# Clock net "SPI_map/p_2_out[0]" driven by instance "SPI_map/LED_reg[14]_i_2" located at site "SLICE_X0Y79"
#startgroup
create_pblock {CLKAG_SPI_map/p_2_out[0]}
add_cells_to_pblock [get_pblocks  {CLKAG_SPI_map/p_2_out[0]}] [get_cells -filter { PRIMITIVE_GROUP != I/O && IS_PRIMITIVE==1 && PRIMITIVE_LEVEL !=INTERNAL } -of_object [get_pins -filter {DIRECTION==IN} -of_objects [get_nets -hierarchical -filter {PARENT=="SPI_map/p_2_out[0]"}]]]
resize_pblock [get_pblocks {CLKAG_SPI_map/p_2_out[0]}] -add {CLOCKREGION_X0Y1:CLOCKREGION_X0Y1}
#endgroup

# Clock net "divider_map/CLK_OUT_100KHz" driven by instance "divider_map/clk_out100KHz_reg" located at site "SLICE_X4Y89"
#startgroup
create_pblock {CLKAG_divider_map/CLK_OUT_100KHz}
add_cells_to_pblock [get_pblocks  {CLKAG_divider_map/CLK_OUT_100KHz}] [get_cells -filter { PRIMITIVE_GROUP != I/O && IS_PRIMITIVE==1 && PRIMITIVE_LEVEL !=INTERNAL } -of_object [get_pins -filter {DIRECTION==IN} -of_objects [get_nets -hierarchical -filter {PARENT=="divider_map/CLK_OUT_100KHz"}]]]
resize_pblock [get_pblocks {CLKAG_divider_map/CLK_OUT_100KHz}] -add {CLOCKREGION_X0Y1:CLOCKREGION_X0Y1}
#endgroup

# Clock net "divider_map/clk_out50Hz" driven by instance "divider_map/clk_out50Hz_reg" located at site "SLICE_X7Y85"
#startgroup
create_pblock {CLKAG_divider_map/clk_out50Hz}
add_cells_to_pblock [get_pblocks  {CLKAG_divider_map/clk_out50Hz}] [get_cells -filter { PRIMITIVE_GROUP != I/O && IS_PRIMITIVE==1 && PRIMITIVE_LEVEL !=INTERNAL } -of_object [get_pins -filter {DIRECTION==IN} -of_objects [get_nets -hierarchical -filter {PARENT=="divider_map/clk_out50Hz"}]]]
resize_pblock [get_pblocks {CLKAG_divider_map/clk_out50Hz}] -add {CLOCKREGION_X0Y1:CLOCKREGION_X0Y1}
#endgroup

# Clock net "saved_data" driven by instance "saved_data_reg" located at site "SLICE_X2Y82"
#startgroup
create_pblock {CLKAG_saved_data}
add_cells_to_pblock [get_pblocks  {CLKAG_saved_data}] [get_cells -filter { PRIMITIVE_GROUP != I/O && IS_PRIMITIVE==1 && PRIMITIVE_LEVEL !=INTERNAL } -of_object [get_pins -filter {DIRECTION==IN} -of_objects [get_nets -hierarchical -filter {PARENT=="saved_data"}]]]
resize_pblock [get_pblocks {CLKAG_saved_data}] -add {CLOCKREGION_X0Y1:CLOCKREGION_X0Y1}
#endgroup

# Clock net "saved_data_reg_i_1_n_0" driven by instance "saved_data_reg_i_1" located at site "SLICE_X0Y82"
#startgroup
create_pblock {CLKAG_saved_data_reg_i_1_n_0}
add_cells_to_pblock [get_pblocks  {CLKAG_saved_data_reg_i_1_n_0}] [get_cells -filter { PRIMITIVE_GROUP != I/O && IS_PRIMITIVE==1 && PRIMITIVE_LEVEL !=INTERNAL } -of_object [get_pins -filter {DIRECTION==IN} -of_objects [get_nets -hierarchical -filter {PARENT=="saved_data_reg_i_1_n_0"}]]]
resize_pblock [get_pblocks {CLKAG_saved_data_reg_i_1_n_0}] -add {CLOCKREGION_X0Y1:CLOCKREGION_X0Y1}
#endgroup
